#
# There is insufficient memory for the Java Runtime Environment to continue.
# Native memory allocation (mmap) failed to map 65536 bytes for Failed to commit area from 0x0000026af3020000 to 0x0000026af3030000 of length 65536.
# Possible reasons:
#   The system is out of physical RAM or swap space
#   The process is running with CompressedOops enabled, and the Java Heap may be blocking the growth of the native heap
# Possible solutions:
#   Reduce memory load on the system
#   Increase physical memory or swap space
#   Check if swap backing store is full
#   Decrease Java heap size (-Xmx/-Xms)
#   Decrease number of Java threads
#   Decrease Java thread stack sizes (-Xss)
#   Set larger code cache with -XX:ReservedCodeCacheSize=
#   JVM is running with Unscaled Compressed Oops mode in which the Java heap is
#     placed in the first 4GB address space. The Java Heap base address is the
#     maximum limit for the native heap growth. Please use -XX:HeapBaseMinAddress
#     to set the Java Heap base and to place the Java Heap above 4GB virtual address.
# This output file may be truncated or incomplete.
#
#  Out of Memory Error (./src/hotspot/os/windows/os_windows.cpp:3301), pid=14048, tid=5928
#
# JRE version: OpenJDK Runtime Environment JBR-11.0.11.9-1341.60-jcef (11.0.11+9) (build 11.0.11+9-b1341.60)
# Java VM: OpenJDK 64-Bit Server VM JBR-11.0.11.9-1341.60-jcef (11.0.11+9-b1341.60, mixed mode, tiered, compressed oops, g1 gc, windows-amd64)
# No core dump will be written. Minidumps are not enabled by default on client versions of Windows
#

---------------  S U M M A R Y ------------

Command Line: -XX:TieredStopAtLevel=1 -Xverify:none -Dspring.output.ansi.enabled=always -javaagent:D:\IJAVA\IntelliJ IDEA 2021.1.3\lib\idea_rt.jar=50037:D:\IJAVA\IntelliJ IDEA 2021.1.3\bin -Dcom.sun.management.jmxremote -Dspring.jmx.enabled=true -Dspring.liveBeansView.mbeanDomain -Dspring.application.admin.enabled=true -Dfile.encoding=UTF-8 com.example.fruit_show.FruitShowApplication

Host: Intel(R) Core(TM) i5-5250U CPU @ 1.60GHz, 4 cores, 7G,  Windows 10 , 64 bit Build 19041 (10.0.19041.1023)
Time: Tue Aug  3 09:53:29 2021 中国标准时间 elapsed time: 6.460562 seconds (0d 0h 0m 6s)

---------------  T H R E A D  ---------------

Current thread (0x0000026af91d7000):  VMThread "VM Thread" [stack: 0x000000e6ae300000,0x000000e6ae400000] [id=5928]

Stack: [0x000000e6ae300000,0x000000e6ae400000]
[error occurred during error reporting (printing stack bounds), id 0xc0000005, EXCEPTION_ACCESS_VIOLATION (0xc0000005) at pc=0x0000026a80000f2d]

Native frames: (J=compiled Java code, j=interpreted, Vv=VM code, C=native code)
V  [jvm.dll+0x5f5c8a]
V  [jvm.dll+0x779405]
V  [jvm.dll+0x77aa1d]
V  [jvm.dll+0x77b035]
V  [jvm.dll+0x77afeb]
V  [jvm.dll+0x5f5028]
V  [jvm.dll+0x5f57b8]
C  [ntdll.dll+0xa217f]
C  [ntdll.dll+0x51454]
C  [ntdll.dll+0xa0cae]
C  0x0000026a80000f2d

VM_Operation (0x000000e6addfc870): CollectForMetadataAllocation, mode: safepoint, requested by thread 0x0000026aee5a2000


---------------  P R O C E S S  ---------------

Threads class SMR info:
_java_thread_list=0x0000026afbc054a0, length=20, elements={
0x0000026aee5a2000, 0x0000026af9201000, 0x0000026af9202000, 0x0000026af922d800,
0x0000026af922e800, 0x0000026af922f800, 0x0000026af9a88800, 0x0000026af9a89800,
0x0000026af918f000, 0x0000026af9e55800, 0x0000026afa05f800, 0x0000026afa5bd000,
0x0000026afb5f8000, 0x0000026afba1c800, 0x0000026afb706800, 0x0000026afb6ae800,
0x0000026afb69e800, 0x0000026afbcb6000, 0x0000026afbcb3800, 0x0000026afbcb4000
}

Java Threads: ( => current thread )
  0x0000026aee5a2000 JavaThread "main" [_thread_blocked, id=14172, stack(0x000000e6add00000,0x000000e6ade00000)]
  0x0000026af9201000 JavaThread "Reference Handler" daemon [_thread_blocked, id=9296, stack(0x000000e6ae400000,0x000000e6ae500000)]
  0x0000026af9202000 JavaThread "Finalizer" daemon [_thread_blocked, id=13792, stack(0x000000e6ae500000,0x000000e6ae600000)]
  0x0000026af922d800 JavaThread "Signal Dispatcher" daemon [_thread_blocked, id=13472, stack(0x000000e6ae600000,0x000000e6ae700000)]
  0x0000026af922e800 JavaThread "Attach Listener" daemon [_thread_blocked, id=14180, stack(0x000000e6ae700000,0x000000e6ae800000)]
  0x0000026af922f800 JavaThread "Service Thread" daemon [_thread_blocked, id=6544, stack(0x000000e6ae800000,0x000000e6ae900000)]
  0x0000026af9a88800 JavaThread "C1 CompilerThread0" daemon [_thread_blocked, id=12688, stack(0x000000e6ae900000,0x000000e6aea00000)]
  0x0000026af9a89800 JavaThread "Sweeper thread" daemon [_thread_blocked, id=12520, stack(0x000000e6aea00000,0x000000e6aeb00000)]
  0x0000026af918f000 JavaThread "Common-Cleaner" daemon [_thread_blocked, id=13292, stack(0x000000e6aeb00000,0x000000e6aec00000)]
  0x0000026af9e55800 JavaThread "Monitor Ctrl-Break" daemon [_thread_in_native, id=1692, stack(0x000000e6aec00000,0x000000e6aed00000)]
  0x0000026afa05f800 JavaThread "RMI TCP Accept-0" daemon [_thread_in_native, id=5552, stack(0x000000e6aed00000,0x000000e6aee00000)]
  0x0000026afa5bd000 JavaThread "RMI TCP Connection(1)-192.168.0.105" daemon [_thread_in_native, id=1880, stack(0x000000e6af400000,0x000000e6af500000)]
  0x0000026afb5f8000 JavaThread "RMI Scheduler(0)" daemon [_thread_blocked, id=12252, stack(0x000000e6af500000,0x000000e6af600000)]
  0x0000026afba1c800 JavaThread "Catalina-utility-1" [_thread_blocked, id=11860, stack(0x000000e6af200000,0x000000e6af300000)]
  0x0000026afb706800 JavaThread "Catalina-utility-2" [_thread_blocked, id=12516, stack(0x000000e6af600000,0x000000e6af700000)]
  0x0000026afb6ae800 JavaThread "container-0" [_thread_blocked, id=7564, stack(0x000000e6af700000,0x000000e6af800000)]
  0x0000026afb69e800 JavaThread "mysql-cj-abandoned-connection-cleanup" daemon [_thread_blocked, id=13092, stack(0x000000e6af800000,0x000000e6af900000)]
  0x0000026afbcb6000 JavaThread "ForkJoinPool.commonPool-worker-3" daemon [_thread_blocked, id=1096, stack(0x000000e6af900000,0x000000e6afa00000)]
  0x0000026afbcb3800 JavaThread "ForkJoinPool.commonPool-worker-5" daemon [_thread_blocked, id=12392, stack(0x000000e6afa00000,0x000000e6afb00000)]
  0x0000026afbcb4000 JavaThread "ForkJoinPool.commonPool-worker-7" daemon [_thread_blocked, id=7052, stack(0x000000e6afb00000,0x000000e6afc00000)]

Other Threads:
=>0x0000026af91d7000 VMThread "VM Thread" [stack: 0x000000e6ae300000,0x000000e6ae400000] [id=5928]
  0x0000026afa068800 WatcherThread [stack: 0x000000e6aee00000,0x000000e6aef00000] [id=3772]
  0x0000026aee5bb000 GCTaskThread "GC Thread#0" [stack: 0x000000e6ade00000,0x000000e6adf00000] [id=7200]
  0x0000026afa19c000 GCTaskThread "GC Thread#1" [stack: 0x000000e6aef00000,0x000000e6af000000] [id=6152]
  0x0000026afa19c800 GCTaskThread "GC Thread#2" [stack: 0x000000e6af000000,0x000000e6af100000] [id=5632]
  0x0000026afb4a2000 GCTaskThread "GC Thread#3" [stack: 0x000000e6af300000,0x000000e6af400000] [id=13096]
  0x0000026aee5ec000 ConcurrentGCThread "G1 Main Marker" [stack: 0x000000e6adf00000,0x000000e6ae000000] [id=6892]
  0x0000026aee5ed000 ConcurrentGCThread "G1 Conc#0" [stack: 0x000000e6ae000000,0x000000e6ae100000] [id=3004]
  0x0000026aee67e800 ConcurrentGCThread "G1 Refine#0" [stack: 0x000000e6ae100000,0x000000e6ae200000] [id=13952]
  0x0000026af9e5b800 ConcurrentGCThread "G1 Refine#1" [stack: 0x000000e6af100000,0x000000e6af200000] [id=5880]
  0x0000026af9040800 ConcurrentGCThread "G1 Young RemSet Sampling" [stack: 0x000000e6ae200000,0x000000e6ae300000] [id=9016]

Threads with active compile tasks:

VM state:at safepoint (normal execution)

VM Mutex/Monitor currently owned by a thread:  ([mutex/lock_event])
[0x0000026aee5a0e20] Threads_lock - owner thread: 0x0000026af91d7000
[0x0000026aee5a0c70] Heap_lock - owner thread: 0x0000026aee5a2000

Heap address: 0x0000000081800000, size: 2024 MB, Compressed Oops mode: 32-bit
Narrow klass base: 0x0000000000000000, Narrow klass shift: 3
Compressed class space size: 1073741824 Address: 0x0000000100000000

Heap:
 garbage-first heap   total 157696K, used 14130K [0x0000000081800000, 0x0000000100000000)
  region size 1024K, 5 young (5120K), 5 survivors (5120K)
 Metaspace       used 34693K, capacity 35972K, committed 36048K, reserved 1081344K
  class space    used 4348K, capacity 4891K, committed 4940K, reserved 1048576K
Heap Regions: E=young(eden), S=young(survivor), O=old, HS=humongous(starts), HC=humongous(continues), CS=collection set, F=free, A=archive, TAMS=top-at-mark-start (previous, next)
|   0|0x0000000081800000, 0x0000000081900000, 0x0000000081900000|100%| O|  |TAMS 0x0000000081900000, 0x0000000081900000| Untracked 
|   1|0x0000000081900000, 0x0000000081a00000, 0x0000000081a00000|100%| O|  |TAMS 0x0000000081a00000, 0x0000000081a00000| Untracked 
|   2|0x0000000081a00000, 0x0000000081b00000, 0x0000000081b00000|100%| O|  |TAMS 0x0000000081b00000, 0x0000000081b00000| Untracked 
|   3|0x0000000081b00000, 0x0000000081c00000, 0x0000000081c00000|100%| O|  |TAMS 0x0000000081c00000, 0x0000000081c00000| Untracked 
|   4|0x0000000081c00000, 0x0000000081d00000, 0x0000000081d00000|100%| O|  |TAMS 0x0000000081d00000, 0x0000000081d00000| Untracked 
|   5|0x0000000081d00000, 0x0000000081e00000, 0x0000000081e00000|100%| O|  |TAMS 0x0000000081d37400, 0x0000000081e00000| Untracked 
|   6|0x0000000081e00000, 0x0000000081f00000, 0x0000000081f00000|100%| O|  |TAMS 0x0000000081e00000, 0x0000000081f00000| Untracked 
|   7|0x0000000081f00000, 0x0000000082000000, 0x0000000082000000|100%| O|  |TAMS 0x0000000081f00000, 0x0000000082000000| Untracked 
|   8|0x0000000082000000, 0x00000000820cca00, 0x0000000082100000| 79%| O|  |TAMS 0x0000000082000000, 0x00000000820cca00| Untracked 
|   9|0x0000000082100000, 0x0000000082100000, 0x0000000082200000|  0%| F|  |TAMS 0x0000000082100000, 0x0000000082100000| Untracked 
|  10|0x0000000082200000, 0x0000000082200000, 0x0000000082300000|  0%| F|  |TAMS 0x0000000082200000, 0x0000000082200000| Untracked 
|  11|0x0000000082300000, 0x0000000082300000, 0x0000000082400000|  0%| F|  |TAMS 0x0000000082300000, 0x0000000082300000| Untracked 
|  12|0x0000000082400000, 0x0000000082400000, 0x0000000082500000|  0%| F|  |TAMS 0x0000000082400000, 0x0000000082400000| Untracked 
|  13|0x0000000082500000, 0x0000000082500000, 0x0000000082600000|  0%| F|  |TAMS 0x0000000082500000, 0x0000000082500000| Untracked 
|  14|0x0000000082600000, 0x0000000082600000, 0x0000000082700000|  0%| F|  |TAMS 0x0000000082600000, 0x0000000082600000| Untracked 
|  15|0x0000000082700000, 0x0000000082700000, 0x0000000082800000|  0%| F|  |TAMS 0x0000000082700000, 0x0000000082700000| Untracked 
|  16|0x0000000082800000, 0x0000000082800000, 0x0000000082900000|  0%| F|  |TAMS 0x0000000082800000, 0x0000000082800000| Untracked 
|  17|0x0000000082900000, 0x0000000082900000, 0x0000000082a00000|  0%| F|  |TAMS 0x0000000082900000, 0x0000000082900000| Untracked 
|  18|0x0000000082a00000, 0x0000000082a00000, 0x0000000082b00000|  0%| F|  |TAMS 0x0000000082a00000, 0x0000000082a00000| Untracked 
|  19|0x0000000082b00000, 0x0000000082b00000, 0x0000000082c00000|  0%| F|  |TAMS 0x0000000082b00000, 0x0000000082b00000| Untracked 
|  20|0x0000000082c00000, 0x0000000082c00000, 0x0000000082d00000|  0%| F|  |TAMS 0x0000000082c00000, 0x0000000082c00000| Untracked 
|  21|0x0000000082d00000, 0x0000000082d00000, 0x0000000082e00000|  0%| F|  |TAMS 0x0000000082d00000, 0x0000000082d00000| Untracked 
|  22|0x0000000082e00000, 0x0000000082e00000, 0x0000000082f00000|  0%| F|  |TAMS 0x0000000082e00000, 0x0000000082e00000| Untracked 
|  23|0x0000000082f00000, 0x0000000082f00000, 0x0000000083000000|  0%| F|  |TAMS 0x0000000082f00000, 0x0000000082f00000| Untracked 
|  24|0x0000000083000000, 0x0000000083000000, 0x0000000083100000|  0%| F|  |TAMS 0x0000000083000000, 0x0000000083000000| Untracked 
|  25|0x0000000083100000, 0x0000000083100000, 0x0000000083200000|  0%| F|  |TAMS 0x0000000083100000, 0x0000000083100000| Untracked 
|  26|0x0000000083200000, 0x0000000083200000, 0x0000000083300000|  0%| F|  |TAMS 0x0000000083200000, 0x0000000083200000| Untracked 
|  27|0x0000000083300000, 0x0000000083300000, 0x0000000083400000|  0%| F|  |TAMS 0x0000000083300000, 0x0000000083300000| Untracked 
|  28|0x0000000083400000, 0x0000000083400000, 0x0000000083500000|  0%| F|  |TAMS 0x0000000083400000, 0x0000000083400000| Untracked 
|  29|0x0000000083500000, 0x0000000083500000, 0x0000000083600000|  0%| F|  |TAMS 0x0000000083500000, 0x0000000083500000| Untracked 
|  30|0x0000000083600000, 0x0000000083600000, 0x0000000083700000|  0%| F|  |TAMS 0x0000000083600000, 0x0000000083600000| Untracked 
|  31|0x0000000083700000, 0x0000000083700000, 0x0000000083800000|  0%| F|  |TAMS 0x0000000083700000, 0x0000000083700000| Untracked 
|  32|0x0000000083800000, 0x0000000083800000, 0x0000000083900000|  0%| F|  |TAMS 0x0000000083800000, 0x0000000083800000| Untracked 
|  33|0x0000000083900000, 0x0000000083900000, 0x0000000083a00000|  0%| F|  |TAMS 0x0000000083900000, 0x0000000083900000| Untracked 
|  34|0x0000000083a00000, 0x0000000083a00000, 0x0000000083b00000|  0%| F|  |TAMS 0x0000000083a00000, 0x0000000083a00000| Untracked 
|  35|0x0000000083b00000, 0x0000000083b00000, 0x0000000083c00000|  0%| F|  |TAMS 0x0000000083b00000, 0x0000000083b00000| Untracked 
|  36|0x0000000083c00000, 0x0000000083c00000, 0x0000000083d00000|  0%| F|  |TAMS 0x0000000083c00000, 0x0000000083c00000| Untracked 
|  37|0x0000000083d00000, 0x0000000083d00000, 0x0000000083e00000|  0%| F|  |TAMS 0x0000000083d00000, 0x0000000083d00000| Untracked 
|  38|0x0000000083e00000, 0x0000000083e00000, 0x0000000083f00000|  0%| F|  |TAMS 0x0000000083e00000, 0x0000000083e00000| Untracked 
|  39|0x0000000083f00000, 0x0000000083f00000, 0x0000000084000000|  0%| F|  |TAMS 0x0000000083f00000, 0x0000000083f00000| Untracked 
|  40|0x0000000084000000, 0x0000000084000000, 0x0000000084100000|  0%| F|  |TAMS 0x0000000084000000, 0x0000000084000000| Untracked 
|  41|0x0000000084100000, 0x0000000084100000, 0x0000000084200000|  0%| F|  |TAMS 0x0000000084100000, 0x0000000084100000| Untracked 
|  42|0x0000000084200000, 0x0000000084200000, 0x0000000084300000|  0%| F|  |TAMS 0x0000000084200000, 0x0000000084200000| Untracked 
|  43|0x0000000084300000, 0x0000000084300000, 0x0000000084400000|  0%| F|  |TAMS 0x0000000084300000, 0x0000000084300000| Untracked 
|  44|0x0000000084400000, 0x0000000084400000, 0x0000000084500000|  0%| F|  |TAMS 0x0000000084400000, 0x0000000084400000| Untracked 
|  45|0x0000000084500000, 0x0000000084500000, 0x0000000084600000|  0%| F|  |TAMS 0x0000000084500000, 0x0000000084500000| Untracked 
|  46|0x0000000084600000, 0x0000000084600000, 0x0000000084700000|  0%| F|  |TAMS 0x0000000084600000, 0x0000000084600000| Untracked 
|  47|0x0000000084700000, 0x0000000084700000, 0x0000000084800000|  0%| F|  |TAMS 0x0000000084700000, 0x0000000084700000| Untracked 
|  48|0x0000000084800000, 0x0000000084800000, 0x0000000084900000|  0%| F|  |TAMS 0x0000000084800000, 0x0000000084800000| Untracked 
|  49|0x0000000084900000, 0x0000000084900000, 0x0000000084a00000|  0%| F|  |TAMS 0x0000000084900000, 0x0000000084900000| Untracked 
|  50|0x0000000084a00000, 0x0000000084a00000, 0x0000000084b00000|  0%| F|  |TAMS 0x0000000084a00000, 0x0000000084a00000| Untracked 
|  51|0x0000000084b00000, 0x0000000084b00000, 0x0000000084c00000|  0%| F|  |TAMS 0x0000000084b00000, 0x0000000084b00000| Untracked 
|  52|0x0000000084c00000, 0x0000000084c00000, 0x0000000084d00000|  0%| F|  |TAMS 0x0000000084c00000, 0x0000000084c00000| Untracked 
|  53|0x0000000084d00000, 0x0000000084d00000, 0x0000000084e00000|  0%| F|  |TAMS 0x0000000084d00000, 0x0000000084d00000| Untracked 
|  54|0x0000000084e00000, 0x0000000084e00000, 0x0000000084f00000|  0%| F|  |TAMS 0x0000000084e00000, 0x0000000084e00000| Untracked 
|  55|0x0000000084f00000, 0x0000000084f00000, 0x0000000085000000|  0%| F|  |TAMS 0x0000000084f00000, 0x0000000084f00000| Untracked 
|  56|0x0000000085000000, 0x0000000085000000, 0x0000000085100000|  0%| F|  |TAMS 0x0000000085000000, 0x0000000085000000| Untracked 
|  57|0x0000000085100000, 0x0000000085100000, 0x0000000085200000|  0%| F|  |TAMS 0x0000000085100000, 0x0000000085100000| Untracked 
|  58|0x0000000085200000, 0x0000000085200000, 0x0000000085300000|  0%| F|  |TAMS 0x0000000085200000, 0x0000000085200000| Untracked 
|  59|0x0000000085300000, 0x0000000085300000, 0x0000000085400000|  0%| F|  |TAMS 0x0000000085300000, 0x0000000085300000| Untracked 
|  60|0x0000000085400000, 0x0000000085400000, 0x0000000085500000|  0%| F|  |TAMS 0x0000000085400000, 0x0000000085400000| Untracked 
|  61|0x0000000085500000, 0x0000000085500000, 0x0000000085600000|  0%| F|  |TAMS 0x0000000085500000, 0x0000000085500000| Untracked 
|  62|0x0000000085600000, 0x0000000085600000, 0x0000000085700000|  0%| F|  |TAMS 0x0000000085600000, 0x0000000085600000| Untracked 
|  63|0x0000000085700000, 0x0000000085700000, 0x0000000085800000|  0%| F|  |TAMS 0x0000000085700000, 0x0000000085700000| Untracked 
|  64|0x0000000085800000, 0x0000000085800000, 0x0000000085900000|  0%| F|  |TAMS 0x0000000085800000, 0x0000000085800000| Untracked 
|  65|0x0000000085900000, 0x0000000085900000, 0x0000000085a00000|  0%| F|  |TAMS 0x0000000085900000, 0x0000000085900000| Untracked 
|  66|0x0000000085a00000, 0x0000000085a00000, 0x0000000085b00000|  0%| F|  |TAMS 0x0000000085a00000, 0x0000000085a00000| Untracked 
|  67|0x0000000085b00000, 0x0000000085b00000, 0x0000000085c00000|  0%| F|  |TAMS 0x0000000085b00000, 0x0000000085b00000| Untracked 
|  68|0x0000000085c00000, 0x0000000085c00000, 0x0000000085d00000|  0%| F|  |TAMS 0x0000000085c00000, 0x0000000085c00000| Untracked 
|  69|0x0000000085d00000, 0x0000000085d00000, 0x0000000085e00000|  0%| F|  |TAMS 0x0000000085d00000, 0x0000000085d00000| Untracked 
|  70|0x0000000085e00000, 0x0000000085e00000, 0x0000000085f00000|  0%| F|  |TAMS 0x0000000085e00000, 0x0000000085e00000| Untracked 
|  71|0x0000000085f00000, 0x0000000085f00000, 0x0000000086000000|  0%| F|  |TAMS 0x0000000085f00000, 0x0000000085f00000| Untracked 
|  72|0x0000000086000000, 0x0000000086000000, 0x0000000086100000|  0%| F|  |TAMS 0x0000000086000000, 0x0000000086000000| Untracked 
|  73|0x0000000086100000, 0x0000000086100000, 0x0000000086200000|  0%| F|  |TAMS 0x0000000086100000, 0x0000000086100000| Untracked 
|  74|0x0000000086200000, 0x0000000086200000, 0x0000000086300000|  0%| F|  |TAMS 0x0000000086200000, 0x0000000086200000| Untracked 
|  75|0x0000000086300000, 0x0000000086300000, 0x0000000086400000|  0%| F|  |TAMS 0x0000000086300000, 0x0000000086300000| Untracked 
|  76|0x0000000086400000, 0x0000000086400000, 0x0000000086500000|  0%| F|  |TAMS 0x0000000086400000, 0x0000000086400000| Untracked 
|  77|0x0000000086500000, 0x0000000086500000, 0x0000000086600000|  0%| F|  |TAMS 0x0000000086500000, 0x0000000086500000| Untracked 
|  78|0x0000000086600000, 0x0000000086600000, 0x0000000086700000|  0%| F|  |TAMS 0x0000000086600000, 0x0000000086600000| Untracked 
|  79|0x0000000086700000, 0x0000000086700000, 0x0000000086800000|  0%| F|  |TAMS 0x0000000086700000, 0x0000000086700000| Untracked 
|  80|0x0000000086800000, 0x0000000086800000, 0x0000000086900000|  0%| F|  |TAMS 0x0000000086800000, 0x0000000086800000| Untracked 
|  81|0x0000000086900000, 0x0000000086900000, 0x0000000086a00000|  0%| F|  |TAMS 0x0000000086900000, 0x0000000086900000| Untracked 
|  82|0x0000000086a00000, 0x0000000086a00000, 0x0000000086b00000|  0%| F|  |TAMS 0x0000000086a00000, 0x0000000086a00000| Untracked 
|  83|0x0000000086b00000, 0x0000000086b00000, 0x0000000086c00000|  0%| F|  |TAMS 0x0000000086b00000, 0x0000000086b00000| Untracked 
|  84|0x0000000086c00000, 0x0000000086c00000, 0x0000000086d00000|  0%| F|  |TAMS 0x0000000086c00000, 0x0000000086c00000| Untracked 
|  85|0x0000000086d00000, 0x0000000086d00000, 0x0000000086e00000|  0%| F|  |TAMS 0x0000000086d00000, 0x0000000086d00000| Untracked 
|  86|0x0000000086e00000, 0x0000000086e00000, 0x0000000086f00000|  0%| F|  |TAMS 0x0000000086e00000, 0x0000000086e00000| Untracked 
|  87|0x0000000086f00000, 0x0000000086f00000, 0x0000000087000000|  0%| F|  |TAMS 0x0000000086f00000, 0x0000000086f00000| Untracked 
|  88|0x0000000087000000, 0x0000000087000000, 0x0000000087100000|  0%| F|  |TAMS 0x0000000087000000, 0x0000000087000000| Untracked 
|  89|0x0000000087100000, 0x0000000087100000, 0x0000000087200000|  0%| F|  |TAMS 0x0000000087100000, 0x0000000087100000| Untracked 
|  90|0x0000000087200000, 0x0000000087200000, 0x0000000087300000|  0%| F|  |TAMS 0x0000000087200000, 0x0000000087200000| Untracked 
|  91|0x0000000087300000, 0x0000000087300000, 0x0000000087400000|  0%| F|  |TAMS 0x0000000087300000, 0x0000000087300000| Untracked 
|  92|0x0000000087400000, 0x0000000087400000, 0x0000000087500000|  0%| F|  |TAMS 0x0000000087400000, 0x0000000087400000| Untracked 
|  93|0x0000000087500000, 0x0000000087500000, 0x0000000087600000|  0%| F|  |TAMS 0x0000000087500000, 0x0000000087500000| Untracked 
|  94|0x0000000087600000, 0x0000000087600000, 0x0000000087700000|  0%| F|  |TAMS 0x0000000087600000, 0x0000000087600000| Untracked 
|  95|0x0000000087700000, 0x0000000087700000, 0x0000000087800000|  0%| F|  |TAMS 0x0000000087700000, 0x0000000087700000| Untracked 
|  96|0x0000000087800000, 0x0000000087800000, 0x0000000087900000|  0%| F|  |TAMS 0x0000000087800000, 0x0000000087800000| Untracked 
|  97|0x0000000087900000, 0x0000000087900000, 0x0000000087a00000|  0%| F|  |TAMS 0x0000000087900000, 0x0000000087900000| Untracked 
|  98|0x0000000087a00000, 0x0000000087a00000, 0x0000000087b00000|  0%| F|  |TAMS 0x0000000087a00000, 0x0000000087a00000| Untracked 
|  99|0x0000000087b00000, 0x0000000087b00000, 0x0000000087c00000|  0%| F|  |TAMS 0x0000000087b00000, 0x0000000087b00000| Untracked 
| 100|0x0000000087c00000, 0x0000000087c00000, 0x0000000087d00000|  0%| F|  |TAMS 0x0000000087c00000, 0x0000000087c00000| Untracked 
| 101|0x0000000087d00000, 0x0000000087d00000, 0x0000000087e00000|  0%| F|  |TAMS 0x0000000087d00000, 0x0000000087d00000| Untracked 
| 102|0x0000000087e00000, 0x0000000087e00000, 0x0000000087f00000|  0%| F|  |TAMS 0x0000000087e00000, 0x0000000087e00000| Untracked 
| 103|0x0000000087f00000, 0x0000000087f00000, 0x0000000088000000|  0%| F|  |TAMS 0x0000000087f00000, 0x0000000087f00000| Untracked 
| 104|0x0000000088000000, 0x0000000088000000, 0x0000000088100000|  0%| F|  |TAMS 0x0000000088000000, 0x0000000088000000| Untracked 
| 105|0x0000000088100000, 0x0000000088100000, 0x0000000088200000|  0%| F|  |TAMS 0x0000000088100000, 0x0000000088100000| Untracked 
| 106|0x0000000088200000, 0x0000000088200000, 0x0000000088300000|  0%| F|  |TAMS 0x0000000088200000, 0x0000000088200000| Untracked 
| 107|0x0000000088300000, 0x0000000088300000, 0x0000000088400000|  0%| F|  |TAMS 0x0000000088300000, 0x0000000088300000| Untracked 
| 108|0x0000000088400000, 0x0000000088400000, 0x0000000088500000|  0%| F|  |TAMS 0x0000000088400000, 0x0000000088400000| Untracked 
| 109|0x0000000088500000, 0x0000000088500000, 0x0000000088600000|  0%| F|  |TAMS 0x0000000088500000, 0x0000000088500000| Untracked 
| 110|0x0000000088600000, 0x0000000088600000, 0x0000000088700000|  0%| F|  |TAMS 0x0000000088600000, 0x0000000088600000| Untracked 
| 111|0x0000000088700000, 0x0000000088700000, 0x0000000088800000|  0%| F|  |TAMS 0x0000000088700000, 0x0000000088700000| Untracked 
| 112|0x0000000088800000, 0x0000000088800000, 0x0000000088900000|  0%| F|  |TAMS 0x0000000088800000, 0x0000000088800000| Untracked 
| 113|0x0000000088900000, 0x0000000088900000, 0x0000000088a00000|  0%| F|  |TAMS 0x0000000088900000, 0x0000000088900000| Untracked 
| 114|0x0000000088a00000, 0x0000000088a00000, 0x0000000088b00000|  0%| F|  |TAMS 0x0000000088a00000, 0x0000000088a00000| Untracked 
| 115|0x0000000088b00000, 0x0000000088b00000, 0x0000000088c00000|  0%| F|  |TAMS 0x0000000088b00000, 0x0000000088b00000| Untracked 
| 116|0x0000000088c00000, 0x0000000088c00000, 0x0000000088d00000|  0%| F|  |TAMS 0x0000000088c00000, 0x0000000088c00000| Untracked 
| 117|0x0000000088d00000, 0x0000000088d00000, 0x0000000088e00000|  0%| F|  |TAMS 0x0000000088d00000, 0x0000000088d00000| Untracked 
| 118|0x0000000088e00000, 0x0000000088e00000, 0x0000000088f00000|  0%| F|  |TAMS 0x0000000088e00000, 0x0000000088e00000| Untracked 
| 119|0x0000000088f00000, 0x0000000088f00000, 0x0000000089000000|  0%| F|  |TAMS 0x0000000088f00000, 0x0000000088f00000| Untracked 
| 120|0x0000000089000000, 0x0000000089000000, 0x0000000089100000|  0%| F|  |TAMS 0x0000000089000000, 0x0000000089000000| Untracked 
| 121|0x0000000089100000, 0x0000000089100000, 0x0000000089200000|  0%| F|  |TAMS 0x0000000089100000, 0x0000000089100000| Untracked 
| 122|0x0000000089200000, 0x0000000089300000, 0x0000000089300000|100%| S|CS|TAMS 0x0000000089200000, 0x0000000089200000| Complete 
| 123|0x0000000089300000, 0x0000000089400000, 0x0000000089400000|100%| S|CS|TAMS 0x0000000089300000, 0x0000000089300000| Complete 
| 124|0x0000000089400000, 0x0000000089500000, 0x0000000089500000|100%| S|CS|TAMS 0x0000000089400000, 0x0000000089400000| Complete 
| 125|0x0000000089500000, 0x0000000089600000, 0x0000000089600000|100%| S|CS|TAMS 0x0000000089500000, 0x0000000089500000| Complete 
| 126|0x0000000089600000, 0x0000000089700000, 0x0000000089700000|100%| S|CS|TAMS 0x0000000089600000, 0x0000000089600000| Complete 
| 127|0x0000000089700000, 0x0000000089700000, 0x0000000089800000|  0%| F|  |TAMS 0x0000000089700000, 0x0000000089700000| Untracked 

Card table byte_map: [0x0000026af25d0000,0x0000026af29d0000] _byte_map_base: 0x0000026af21c4000

Marking Bits (Prev, Next): (CMBitMap*) 0x0000026aee5e3100, (CMBitMap*) 0x0000026aee5e30c8
 Prev Bits: [0x0000026af4d70000, 0x0000026af6d10000)
 Next Bits: [0x0000026af2dd0000, 0x0000026af4d70000)

Polling page: 0x0000026aec540000

Metaspace:

Usage:
  Non-class:     30.35 MB capacity,    29.63 MB ( 98%) used,   590.51 KB (  2%) free+waste,   145.19 KB ( <1%) overhead. 
      Class:      4.78 MB capacity,     4.25 MB ( 89%) used,   468.91 KB ( 10%) free+waste,    73.69 KB (  2%) overhead. 
       Both:     35.13 MB capacity,    33.88 MB ( 96%) used,     1.03 MB (  3%) free+waste,   218.88 KB ( <1%) overhead. 

Virtual space:
  Non-class space:       32.00 MB reserved,      30.38 MB ( 95%) committed 
      Class space:        1.00 GB reserved,       4.82 MB ( <1%) committed 
             Both:        1.03 GB reserved,      35.20 MB (  3%) committed 

Chunk freelists:
   Non-Class:  7.00 KB
       Class:  5.00 KB
        Both:  12.00 KB

MaxMetaspaceSize: 17179869184.00 GB
CompressedClassSpaceSize: 1.00 GB

CodeHeap 'non-profiled nmethods': size=238912Kb used=5274Kb max_used=5274Kb free=233637Kb
 bounds [0x0000026a806b0000, 0x0000026a80be0000, 0x0000026a8f000000]
CodeHeap 'non-nmethods': size=6848Kb used=1162Kb max_used=1162Kb free=5685Kb
 bounds [0x0000026a80000000, 0x0000026a80270000, 0x0000026a806b0000]
 total_blobs=3963 nmethods=3460 adapters=427
 compilation: enabled
              stopped_count=0, restarted_count=0
 full_count=0

Compilation events (20 events):
Event: 6.384 Thread 0x0000026af9a88800 3446       1       java.lang.Class::getDeclaredMethods (27 bytes)
Event: 6.384 Thread 0x0000026af9a88800 nmethod 3446 0x0000026a80bd1c10 code [0x0000026a80bd1de0, 0x0000026a80bd1f38]
Event: 6.424 Thread 0x0000026af9a88800 3452       1       java.util.Formatter$Flags::valueOf (5 bytes)
Event: 6.424 Thread 0x0000026af9a88800 nmethod 3452 0x0000026a80bd2a10 code [0x0000026a80bd2bc0, 0x0000026a80bd2c78]
Event: 6.425 Thread 0x0000026af9a88800 3453       1       java.util.regex.Matcher::reset (128 bytes)
Event: 6.425 Thread 0x0000026af9a88800 nmethod 3453 0x0000026a80bd2d10 code [0x0000026a80bd2ee0, 0x0000026a80bd30d8]
Event: 6.429 Thread 0x0000026af9a88800 3454       1       java.lang.invoke.LambdaFormEditor::addArgumentForm (121 bytes)
Event: 6.429 Thread 0x0000026af9a88800 nmethod 3454 0x0000026a80bd3290 code [0x0000026a80bd34a0, 0x0000026a80bd37b8]
Event: 6.430 Thread 0x0000026af9a88800 3455       1       java.util.Arrays::copyOf (19 bytes)
Event: 6.430 Thread 0x0000026af9a88800 nmethod 3455 0x0000026a80bd3a10 code [0x0000026a80bd3bc0, 0x0000026a80bd3d88]
Event: 6.430 Thread 0x0000026af9a88800 3458       1       java.lang.invoke.MethodHandles::foldArgumentChecks (217 bytes)
Event: 6.432 Thread 0x0000026af9a88800 nmethod 3458 0x0000026a80bd3e90 code [0x0000026a80bd41a0, 0x0000026a80bd4bd8]
Event: 6.432 Thread 0x0000026af9a88800 3457       1       java.lang.invoke.MethodHandles::foldArguments (100 bytes)
Event: 6.433 Thread 0x0000026af9a88800 nmethod 3457 0x0000026a80bd5390 code [0x0000026a80bd55a0, 0x0000026a80bd5918]
Event: 6.433 Thread 0x0000026af9a88800 3459       1       java.lang.invoke.LambdaFormEditor::foldArgumentsForm (120 bytes)
Event: 6.433 Thread 0x0000026af9a88800 nmethod 3459 0x0000026a80bd5c90 code [0x0000026a80bd5e80, 0x0000026a80bd61e8]
Event: 6.433 Thread 0x0000026af9a88800 3460       1       java.lang.invoke.LambdaFormEditor$Transform::of (9 bytes)
Event: 6.434 Thread 0x0000026af9a88800 nmethod 3460 0x0000026a80bd6410 code [0x0000026a80bd65c0, 0x0000026a80bd6688]
Event: 6.434 Thread 0x0000026af9a88800 3456       1       java.lang.invoke.MethodType::insertParameterTypes (10 bytes)
Event: 6.434 Thread 0x0000026af9a88800 nmethod 3456 0x0000026a80bd6710 code [0x0000026a80bd68e0, 0x0000026a80bd6a78]

GC Heap History (13 events):
Event: 2.073 GC heap before
{Heap before GC invocations=0 (full 0):
 garbage-first heap   total 131072K, used 13312K [0x0000000081800000, 0x0000000100000000)
  region size 1024K, 14 young (14336K), 0 survivors (0K)
 Metaspace       used 13239K, capacity 13556K, committed 13824K, reserved 1060864K
  class space    used 1374K, capacity 1476K, committed 1536K, reserved 1048576K
}
Event: 2.087 GC heap after
{Heap after GC invocations=1 (full 0):
 garbage-first heap   total 131072K, used 5290K [0x0000000081800000, 0x0000000100000000)
  region size 1024K, 2 young (2048K), 2 survivors (2048K)
 Metaspace       used 13239K, capacity 13556K, committed 13824K, reserved 1060864K
  class space    used 1374K, capacity 1476K, committed 1536K, reserved 1048576K
}
Event: 2.296 GC heap before
{Heap before GC invocations=1 (full 0):
 garbage-first heap   total 131072K, used 11434K [0x0000000081800000, 0x0000000100000000)
  region size 1024K, 8 young (8192K), 2 survivors (2048K)
 Metaspace       used 14329K, capacity 14733K, committed 14976K, reserved 1062912K
  class space    used 1516K, capacity 1638K, committed 1664K, reserved 1048576K
}
Event: 2.301 GC heap after
{Heap after GC invocations=2 (full 0):
 garbage-first heap   total 131072K, used 5682K [0x0000000081800000, 0x0000000100000000)
  region size 1024K, 1 young (1024K), 1 survivors (1024K)
 Metaspace       used 14329K, capacity 14733K, committed 14976K, reserved 1062912K
  class space    used 1516K, capacity 1638K, committed 1664K, reserved 1048576K
}
Event: 3.294 GC heap before
{Heap before GC invocations=2 (full 0):
 garbage-first heap   total 131072K, used 26162K [0x0000000081800000, 0x0000000100000000)
  region size 1024K, 22 young (22528K), 1 survivors (1024K)
 Metaspace       used 19250K, capacity 19821K, committed 19968K, reserved 1067008K
  class space    used 2253K, capacity 2499K, committed 2560K, reserved 1048576K
}
Event: 3.313 GC heap after
{Heap after GC invocations=3 (full 0):
 garbage-first heap   total 131072K, used 7176K [0x0000000081800000, 0x0000000100000000)
  region size 1024K, 2 young (2048K), 2 survivors (2048K)
 Metaspace       used 19250K, capacity 19821K, committed 19968K, reserved 1067008K
  class space    used 2253K, capacity 2499K, committed 2560K, reserved 1048576K
}
Event: 3.413 GC heap before
{Heap before GC invocations=3 (full 0):
 garbage-first heap   total 131072K, used 11272K [0x0000000081800000, 0x0000000100000000)
  region size 1024K, 8 young (8192K), 2 survivors (2048K)
 Metaspace       used 20561K, capacity 21188K, committed 21296K, reserved 1069056K
  class space    used 2401K, capacity 2682K, committed 2688K, reserved 1048576K
}
Event: 3.418 GC heap after
{Heap after GC invocations=4 (full 0):
 garbage-first heap   total 131072K, used 7471K [0x0000000081800000, 0x0000000100000000)
  region size 1024K, 3 young (3072K), 3 survivors (3072K)
 Metaspace       used 20561K, capacity 21188K, committed 21296K, reserved 1069056K
  class space    used 2401K, capacity 2682K, committed 2688K, reserved 1048576K
}
Event: 4.451 GC heap before
{Heap before GC invocations=5 (full 0):
 garbage-first heap   total 131072K, used 45359K [0x0000000081800000, 0x0000000100000000)
  region size 1024K, 41 young (41984K), 3 survivors (3072K)
 Metaspace       used 25941K, capacity 26879K, committed 27004K, reserved 1073152K
  class space    used 3156K, capacity 3511K, committed 3532K, reserved 1048576K
}
Event: 4.461 GC heap after
{Heap after GC invocations=6 (full 0):
 garbage-first heap   total 131072K, used 9808K [0x0000000081800000, 0x0000000100000000)
  region size 1024K, 5 young (5120K), 5 survivors (5120K)
 Metaspace       used 25941K, capacity 26879K, committed 27004K, reserved 1073152K
  class space    used 3156K, capacity 3511K, committed 3532K, reserved 1048576K
}
Event: 6.401 GC heap before
{Heap before GC invocations=6 (full 0):
 garbage-first heap   total 131072K, used 82512K [0x0000000081800000, 0x0000000100000000)
  region size 1024K, 76 young (77824K), 5 survivors (5120K)
 Metaspace       used 34532K, capacity 35795K, committed 36048K, reserved 1081344K
  class space    used 4327K, capacity 4874K, committed 4940K, reserved 1048576K
}
Event: 6.418 GC heap after
{Heap after GC invocations=7 (full 0):
 garbage-first heap   total 131072K, used 13715K [0x0000000081800000, 0x0000000100000000)
  region size 1024K, 9 young (9216K), 9 survivors (9216K)
 Metaspace       used 34532K, capacity 35795K, committed 36048K, reserved 1081344K
  class space    used 4327K, capacity 4874K, committed 4940K, reserved 1048576K
}
Event: 6.435 GC heap before
{Heap before GC invocations=7 (full 0):
 garbage-first heap   total 131072K, used 13715K [0x0000000081800000, 0x0000000100000000)
  region size 1024K, 10 young (10240K), 9 survivors (9216K)
 Metaspace       used 34693K, capacity 35972K, committed 36048K, reserved 1081344K
  class space    used 4348K, capacity 4891K, committed 4940K, reserved 1048576K
}

Deoptimization events (0 events):
No events

Classes redefined (0 events):
No events

Internal exceptions (20 events):
Event: 5.123 Thread 0x0000026aee5a2000 Exception <a 'java/lang/ClassNotFoundException'{0x0000000087df0a18}: org/springframework/transaction/annotation/ProxyTransactionManagementConfigurationCustomizer> (0x0000000087df0a18) thrown at [./src/hotspot/share/classfile/systemDictionary.cpp, line 231]
Event: 5.123 Thread 0x0000026aee5a2000 Exception <a 'java/lang/ClassNotFoundException'{0x0000000087dfe130}: org/springframework/context/annotation/ImportAwareCustomizer> (0x0000000087dfe130) thrown at [./src/hotspot/share/classfile/systemDictionary.cpp, line 231]
Event: 5.124 Thread 0x0000026aee5a2000 Exception <a 'java/lang/ClassNotFoundException'{0x0000000087c08120}: org/springframework/beans/factory/AwareCustomizer> (0x0000000087c08120) thrown at [./src/hotspot/share/classfile/systemDictionary.cpp, line 231]
Event: 5.171 Thread 0x0000026afa5bd000 Exception <a 'java/lang/reflect/InvocationTargetException'{0x0000000088f162b0}> (0x0000000088f162b0) thrown at [./src/hotspot/share/runtime/reflection.cpp, line 1247]
Event: 5.190 Thread 0x0000026aee5a2000 Exception <a 'java/lang/NoSuchMethodError'{0x0000000087a62110}: 'int java.lang.invoke.DirectMethodHandle$Holder.invokeSpecial(java.lang.Object, java.lang.Object, java.lang.Object, java.lang.Object, java.lang.Object)'> (0x0000000087a62110) thrown at [./src/hotspot/share/interpreter/linkResolver.cpp, line 773]
Event: 5.260 Thread 0x0000026aee5a2000 Exception <a 'java/lang/NoSuchMethodError'{0x00000000878f1268}: 'void java.lang.invoke.DirectMethodHandle$Holder.invokeInterface(java.lang.Object, java.lang.Object, int)'> (0x00000000878f1268) thrown at [./src/hotspot/share/interpreter/linkResolver.cpp, line 773]
Event: 5.262 Thread 0x0000026aee5a2000 Exception <a 'java/lang/NoSuchMethodError'{0x00000000877097c8}: 'int java.lang.invoke.DirectMethodHandle$Holder.invokeVirtual(java.lang.Object, java.lang.Object)'> (0x00000000877097c8) thrown at [./src/hotspot/share/interpreter/linkResolver.cpp, line 773]
Event: 5.265 Thread 0x0000026aee5a2000 Exception <a 'java/lang/IncompatibleClassChangeError'{0x000000008773f3a8}: Found class java.lang.Object, but interface was expected> (0x000000008773f3a8) thrown at [./src/hotspot/share/interpreter/linkResolver.cpp, line 839]
Event: 5.266 Thread 0x0000026aee5a2000 Exception <a 'java/lang/NoSuchMethodError'{0x0000000087744250}: 'void java.lang.invoke.DirectMethodHandle$Holder.invokeStatic(java.lang.Object, int, java.lang.Object)'> (0x0000000087744250) thrown at [./src/hotspot/share/interpreter/linkResolver.cpp, line 773]
Event: 5.589 Thread 0x0000026aee5a2000 Exception <a 'java/io/FileNotFoundException'{0x00000000861c1f18}> (0x00000000861c1f18) thrown at [./src/hotspot/share/prims/jni.cpp, line 615]
Event: 5.642 Thread 0x0000026aee5a2000 Exception <a 'java/lang/NoSuchMethodError'{0x0000000085f243f8}: 'int java.lang.invoke.DirectMethodHandle$Holder.invokeInterface(java.lang.Object, java.lang.Object, java.lang.Object, java.lang.Object)'> (0x0000000085f243f8) thrown at [./src/hotspot/share/interpreter/linkResolver.cpp, line 773]
Event: 5.680 Thread 0x0000026afa5bd000 Exception <a 'java/lang/reflect/InvocationTargetException'{0x0000000088f22f88}> (0x0000000088f22f88) thrown at [./src/hotspot/share/runtime/reflection.cpp, line 1247]
Event: 5.730 Thread 0x0000026aee5a2000 Exception <a 'java/io/FileNotFoundException'{0x0000000085de1e68}> (0x0000000085de1e68) thrown at [./src/hotspot/share/prims/jni.cpp, line 615]
Event: 5.776 Thread 0x0000026aee5a2000 Exception <a 'java/lang/ClassNotFoundException'{0x0000000085a207a8}: java/lang/ObjectCustomizer> (0x0000000085a207a8) thrown at [./src/hotspot/share/classfile/systemDictionary.cpp, line 231]
Event: 5.777 Thread 0x0000026aee5a2000 Exception <a 'java/lang/ClassNotFoundException'{0x0000000085a2c898}: org/springframework/dao/support/DaoSupportCustomizer> (0x0000000085a2c898) thrown at [./src/hotspot/share/classfile/systemDictionary.cpp, line 231]
Event: 5.778 Thread 0x0000026aee5a2000 Exception <a 'java/lang/ClassNotFoundException'{0x0000000085a373c8}: org/mybatis/spring/support/SqlSessionDaoSupportCustomizer> (0x0000000085a373c8) thrown at [./src/hotspot/share/classfile/systemDictionary.cpp, line 231]
Event: 5.779 Thread 0x0000026aee5a2000 Exception <a 'java/lang/ClassNotFoundException'{0x0000000085a446a8}: org/mybatis/spring/mapper/MapperFactoryBeanCustomizer> (0x0000000085a446a8) thrown at [./src/hotspot/share/classfile/systemDictionary.cpp, line 231]
Event: 5.781 Thread 0x0000026aee5a2000 Exception <a 'java/lang/ClassNotFoundException'{0x0000000085a59f20}: org/springframework/beans/factory/FactoryBeanCustomizer> (0x0000000085a59f20) thrown at [./src/hotspot/share/classfile/systemDictionary.cpp, line 231]
Event: 5.782 Thread 0x0000026aee5a2000 Exception <a 'java/lang/ClassNotFoundException'{0x0000000085a67220}: org/springframework/beans/factory/InitializingBeanCustomizer> (0x0000000085a67220) thrown at [./src/hotspot/share/classfile/systemDictionary.cpp, line 231]
Event: 6.202 Thread 0x0000026afa5bd000 Exception <a 'java/lang/reflect/InvocationTargetException'{0x0000000088f2fc10}> (0x0000000088f2fc10) thrown at [./src/hotspot/share/runtime/reflection.cpp, line 1247]

Events (20 events):
Event: 6.428 loading class javax/xml/xpath/XPathFactoryFinder done
Event: 6.430 loading class javax/xml/xpath/XPathFactoryFinder$2
Event: 6.430 loading class javax/xml/xpath/XPathFactoryFinder$2 done
Event: 6.431 loading class com/sun/org/apache/xpath/internal/jaxp/XPathFactoryImpl
Event: 6.431 loading class com/sun/org/apache/xpath/internal/jaxp/XPathFactoryImpl done
Event: 6.432 loading class com/sun/org/apache/xpath/internal/jaxp/XPathImpl
Event: 6.432 loading class javax/xml/xpath/XPath
Event: 6.432 loading class javax/xml/xpath/XPath done
Event: 6.432 loading class com/sun/org/apache/xpath/internal/jaxp/XPathImplUtil
Event: 6.433 loading class com/sun/org/apache/xpath/internal/jaxp/XPathImplUtil done
Event: 6.433 loading class com/sun/org/apache/xpath/internal/jaxp/XPathImpl done
Event: 6.433 loading class java/io/StringReader
Event: 6.433 loading class java/io/StringReader done
Event: 6.433 loading class javax/xml/parsers/DocumentBuilderFactory
Event: 6.433 loading class javax/xml/parsers/DocumentBuilderFactory done
Event: 6.433 loading class javax/xml/parsers/FactoryFinder
Event: 6.434 loading class javax/xml/parsers/FactoryFinder done
Event: 6.435 loading class javax/xml/parsers/FactoryFinder$1
Event: 6.435 loading class javax/xml/parsers/FactoryFinder$1 done
Event: 6.435 Executing VM operation: CollectForMetadataAllocation


Dynamic libraries:
0x00007ff77ada0000 - 0x00007ff77adaa000 	D:\IJAVA\IntelliJ IDEA 2021.1.3\jbr\bin\java.exe
0x00007ffe30cf0000 - 0x00007ffe30ee5000 	C:\windows\SYSTEM32\ntdll.dll
0x00007ffe2ffb0000 - 0x00007ffe3006d000 	C:\windows\System32\KERNEL32.DLL
0x00007ffe2e8c0000 - 0x00007ffe2eb89000 	C:\windows\System32\KERNELBASE.dll
0x00007ffe2e790000 - 0x00007ffe2e890000 	C:\windows\System32\ucrtbase.dll
0x00007ffe1b600000 - 0x00007ffe1b619000 	D:\IJAVA\IntelliJ IDEA 2021.1.3\jbr\bin\jli.dll
0x00007ffe2ef60000 - 0x00007ffe2f100000 	C:\windows\System32\USER32.dll
0x00007ffe2ec20000 - 0x00007ffe2ec42000 	C:\windows\System32\win32u.dll
0x00007ffe30240000 - 0x00007ffe3026a000 	C:\windows\System32\GDI32.dll
0x00007ffe2e680000 - 0x00007ffe2e78b000 	C:\windows\System32\gdi32full.dll
0x00007ffe2e590000 - 0x00007ffe2e62d000 	C:\windows\System32\msvcp_win.dll
0x00007ffe1be60000 - 0x00007ffe1c0fa000 	C:\windows\WinSxS\amd64_microsoft.windows.common-controls_6595b64144ccf1df_6.0.19041.1110_none_60b5254171f9507e\COMCTL32.dll
0x00007ffe2f220000 - 0x00007ffe2f2be000 	C:\windows\System32\msvcrt.dll
0x00007ffe16530000 - 0x00007ffe16547000 	D:\IJAVA\IntelliJ IDEA 2021.1.3\jbr\bin\VCRUNTIME140.dll
0x00007ffe2ed60000 - 0x00007ffe2ed90000 	C:\windows\System32\IMM32.DLL
0x00007ffdb9710000 - 0x00007ffdb97ad000 	D:\IJAVA\IntelliJ IDEA 2021.1.3\jbr\bin\msvcp140.dll
0x00007ffddedb0000 - 0x00007ffddf8f9000 	D:\IJAVA\IntelliJ IDEA 2021.1.3\jbr\bin\server\jvm.dll
0x00007ffe2f9c0000 - 0x00007ffe2fa6c000 	C:\windows\System32\ADVAPI32.dll
0x00007ffe30270000 - 0x00007ffe3030b000 	C:\windows\System32\sechost.dll
0x00007ffe30b80000 - 0x00007ffe30caa000 	C:\windows\System32\RPCRT4.dll
0x00007ffe30220000 - 0x00007ffe30228000 	C:\windows\System32\PSAPI.DLL
0x00007ffe284f0000 - 0x00007ffe284f9000 	C:\windows\SYSTEM32\WSOCK32.dll
0x00007ffe2fad0000 - 0x00007ffe2fb3b000 	C:\windows\System32\WS2_32.dll
0x00007ffe1dda0000 - 0x00007ffe1ddc7000 	C:\windows\SYSTEM32\WINMM.dll
0x00007ffe239a0000 - 0x00007ffe239aa000 	C:\windows\SYSTEM32\VERSION.dll
0x00007ffe2c360000 - 0x00007ffe2c372000 	C:\windows\SYSTEM32\kernel.appcore.dll
0x00007ffe251c0000 - 0x00007ffe251d1000 	D:\IJAVA\IntelliJ IDEA 2021.1.3\jbr\bin\verify.dll
0x00007ffe23c20000 - 0x00007ffe23e04000 	C:\windows\SYSTEM32\DBGHELP.DLL
0x00007ffe1f820000 - 0x00007ffe1f84c000 	C:\windows\SYSTEM32\dbgcore.DLL
0x00007ffe2eb90000 - 0x00007ffe2ec13000 	C:\windows\System32\bcryptPrimitives.dll
0x00007ffe1f7d0000 - 0x00007ffe1f7f9000 	D:\IJAVA\IntelliJ IDEA 2021.1.3\jbr\bin\java.dll
0x00007ffe262e0000 - 0x00007ffe262eb000 	D:\IJAVA\IntelliJ IDEA 2021.1.3\jbr\bin\jimage.dll
0x00007ffe29e10000 - 0x00007ffe29e1f000 	D:\IJAVA\IntelliJ IDEA 2021.1.3\jbr\bin\instrument.dll
0x00007ffe1ed20000 - 0x00007ffe1ed38000 	D:\IJAVA\IntelliJ IDEA 2021.1.3\jbr\bin\zip.dll
0x00007ffe30370000 - 0x00007ffe30aaf000 	C:\windows\System32\SHELL32.dll
0x00007ffe2c560000 - 0x00007ffe2ccf1000 	C:\windows\SYSTEM32\windows.storage.dll
0x00007ffe2fbf0000 - 0x00007ffe2ff45000 	C:\windows\System32\combase.dll
0x00007ffe2ddd0000 - 0x00007ffe2ddfc000 	C:\windows\SYSTEM32\Wldp.dll
0x00007ffe2fb40000 - 0x00007ffe2fbee000 	C:\windows\System32\SHCORE.dll
0x00007ffe30310000 - 0x00007ffe30365000 	C:\windows\System32\shlwapi.dll
0x00007ffe2e370000 - 0x00007ffe2e38f000 	C:\windows\SYSTEM32\profapi.dll
0x00007ffe1ed00000 - 0x00007ffe1ed1a000 	D:\IJAVA\IntelliJ IDEA 2021.1.3\jbr\bin\net.dll
0x00007ffe1f9a0000 - 0x00007ffe1faaa000 	C:\windows\SYSTEM32\WINHTTP.dll
0x00007ffe2db30000 - 0x00007ffe2db9a000 	C:\windows\system32\mswsock.dll
0x00007ffe1b5e0000 - 0x00007ffe1b5f4000 	D:\IJAVA\IntelliJ IDEA 2021.1.3\jbr\bin\nio.dll
0x00007ffe29df0000 - 0x00007ffe29e0a000 	D:\IJAVA\IntelliJ IDEA 2021.1.3\bin\breakgen64.dll
0x00007ffe2d860000 - 0x00007ffe2d92c000 	C:\windows\SYSTEM32\DNSAPI.dll
0x00007ffe2d820000 - 0x00007ffe2d85b000 	C:\windows\SYSTEM32\IPHLPAPI.DLL
0x00007ffe2ee80000 - 0x00007ffe2ee88000 	C:\windows\System32\NSI.dll
0x0000000065ef0000 - 0x0000000065efa000 	C:\Program Files\National Instruments\Shared\mDNS Responder\nimdnsNSP.dll
0x0000000065ee0000 - 0x0000000065ef0000 	C:\windows\SYSTEM32\nimdnsResponder.dll
0x00007ffe26c00000 - 0x00007ffe26c0a000 	C:\Windows\System32\rasadhlp.dll
0x00007ffe1fc80000 - 0x00007ffe1fcff000 	C:\windows\System32\fwpuclnt.dll
0x00007ffe2e890000 - 0x00007ffe2e8b7000 	C:\windows\System32\bcrypt.dll
0x00007ffe26060000 - 0x00007ffe2606a000 	D:\IJAVA\IntelliJ IDEA 2021.1.3\jbr\bin\management.dll
0x00007ffe26010000 - 0x00007ffe2601d000 	D:\IJAVA\IntelliJ IDEA 2021.1.3\jbr\bin\management_ext.dll
0x00007ffe2dd20000 - 0x00007ffe2dd38000 	C:\windows\SYSTEM32\CRYPTSP.dll
0x00007ffe2d4d0000 - 0x00007ffe2d504000 	C:\windows\system32\rsaenh.dll
0x00007ffe2e2f0000 - 0x00007ffe2e31e000 	C:\windows\SYSTEM32\USERENV.dll
0x00007ffe2dd10000 - 0x00007ffe2dd1c000 	C:\windows\SYSTEM32\CRYPTBASE.dll
0x00007ffe24130000 - 0x00007ffe24147000 	C:\windows\SYSTEM32\dhcpcsvc6.DLL
0x00007ffe254b0000 - 0x00007ffe254cd000 	C:\windows\SYSTEM32\dhcpcsvc.DLL
0x00007ffe28a30000 - 0x00007ffe28a47000 	C:\windows\system32\napinsp.dll
0x00007ffe25fd0000 - 0x00007ffe25feb000 	C:\windows\system32\pnrpnsp.dll
0x00007ffe29200000 - 0x00007ffe29215000 	C:\windows\system32\wshbth.dll
0x00007ffe29cb0000 - 0x00007ffe29ccd000 	C:\windows\system32\NLAapi.dll
0x00007ffe1b700000 - 0x00007ffe1b712000 	C:\windows\System32\winrnr.dll

dbghelp: loaded successfully - version: 4.0.5 - missing functions: none
symbol engine: initialized successfully - sym options: 0x614 - pdb path: .;D:\IJAVA\IntelliJ IDEA 2021.1.3\jbr\bin;C:\windows\SYSTEM32;C:\windows\WinSxS\amd64_microsoft.windows.common-controls_6595b64144ccf1df_6.0.19041.1110_none_60b5254171f9507e;D:\IJAVA\IntelliJ IDEA 2021.1.3\jbr\bin\server;D:\IJAVA\IntelliJ IDEA 2021.1.3\bin;C:\Program Files\National Instruments\Shared\mDNS Responder

VM Arguments:
jvm_args: -XX:TieredStopAtLevel=1 -Xverify:none -Dspring.output.ansi.enabled=always -javaagent:D:\IJAVA\IntelliJ IDEA 2021.1.3\lib\idea_rt.jar=50037:D:\IJAVA\IntelliJ IDEA 2021.1.3\bin -Dcom.sun.management.jmxremote -Dspring.jmx.enabled=true -Dspring.liveBeansView.mbeanDomain -Dspring.application.admin.enabled=true -Dfile.encoding=UTF-8 
java_command: com.example.fruit_show.FruitShowApplication
java_class_path (initial): D:\SpringBoot_Projects\fruit_show\target\classes;D:\Maven\apache-maven-3.6.1\repository\org\springframework\boot\spring-boot-starter-web\2.5.3\spring-boot-starter-web-2.5.3.jar;D:\Maven\apache-maven-3.6.1\repository\org\springframework\boot\spring-boot-starter\2.5.3\spring-boot-starter-2.5.3.jar;D:\Maven\apache-maven-3.6.1\repository\org\springframework\boot\spring-boot\2.5.3\spring-boot-2.5.3.jar;D:\Maven\apache-maven-3.6.1\repository\org\springframework\boot\spring-boot-starter-logging\2.5.3\spring-boot-starter-logging-2.5.3.jar;D:\Maven\apache-maven-3.6.1\repository\ch\qos\logback\logback-classic\1.2.4\logback-classic-1.2.4.jar;D:\Maven\apache-maven-3.6.1\repository\ch\qos\logback\logback-core\1.2.4\logback-core-1.2.4.jar;D:\Maven\apache-maven-3.6.1\repository\org\apache\logging\log4j\log4j-to-slf4j\2.14.1\log4j-to-slf4j-2.14.1.jar;D:\Maven\apache-maven-3.6.1\repository\org\apache\logging\log4j\log4j-api\2.14.1\log4j-api-2.14.1.jar;D:\Maven\apache-maven-3.6.1\repository\org\slf4j\jul-to-slf4j\1.7.32\jul-to-slf4j-1.7.32.jar;D:\Maven\apache-maven-3.6.1\repository\jakarta\annotation\jakarta.annotation-api\1.3.5\jakarta.annotation-api-1.3.5.jar;D:\Maven\apache-maven-3.6.1\repository\org\yaml\snakeyaml\1.28\snakeyaml-1.28.jar;D:\Maven\apache-maven-3.6.1\repository\org\springframework\boot\spring-boot-starter-json\2.5.3\spring-boot-starter-json-2.5.3.jar;D:\Maven\apache-maven-3.6.1\repository\com\fasterxml\jackson\core\jackson-databind\2.12.4\jackson-databind-2.12.4.jar;D:\Maven\apache-maven-3.6.1\repository\com\fasterxml\jackson\core\jackson-annotations\2.12.4\jackson-annotations-2.12.4.jar;D:\Maven\apache-maven-3.6.1\repository\com\fasterxml\jackson\core\jackson-core\2.12.4\jackson-core-2.12.4.jar;D:\Maven\apache-maven-3.6.1\repository\com\fasterxml\jackson\datatype\jackson-datatype-jdk8\2.12.4\jackson-datatype-jdk8-2.12.4.jar;D:\Maven\apache-maven-3.6.1\repository\com\fasterxml\jackson\datatype\jackson-datatype-jsr310\2.12.4\jackson-data
Launcher Type: SUN_STANDARD

[Global flags]
     bool BytecodeVerificationLocal                = false                                     {product} {command line}
     bool BytecodeVerificationRemote               = false                                     {product} {command line}
     intx CICompilerCount                          = 3                                         {product} {ergonomic}
     uint ConcGCThreads                            = 1                                         {product} {ergonomic}
     uint G1ConcRefinementThreads                  = 4                                         {product} {ergonomic}
   size_t G1HeapRegionSize                         = 1048576                                   {product} {ergonomic}
    uintx GCDrainStackTargetSize                   = 64                                        {product} {ergonomic}
   size_t InitialHeapSize                          = 134217728                                 {product} {ergonomic}
     bool ManagementServer                         = true                                      {product} {command line}
   size_t MarkStackSize                            = 4194304                                   {product} {ergonomic}
   size_t MaxHeapSize                              = 2122317824                                {product} {ergonomic}
   size_t MaxNewSize                               = 1272971264                                {product} {ergonomic}
   size_t MinHeapDeltaBytes                        = 1048576                                   {product} {ergonomic}
    uintx NonNMethodCodeHeapSize                   = 6973028                                {pd product} {ergonomic}
    uintx NonProfiledCodeHeapSize                  = 244685212                              {pd product} {ergonomic}
    uintx ProfiledCodeHeapSize                     = 0                                      {pd product} {ergonomic}
    uintx ReservedCodeCacheSize                    = 251658240                              {pd product} {ergonomic}
     bool SegmentedCodeCache                       = true                                      {product} {ergonomic}
     intx TieredStopAtLevel                        = 1                                         {product} {command line}
     bool UseCompressedClassPointers               = true                                 {lp64_product} {ergonomic}
     bool UseCompressedOops                        = true                                 {lp64_product} {ergonomic}
     bool UseG1GC                                  = true                                      {product} {ergonomic}
     bool UseLargePagesIndividualAllocation        = false                                  {pd product} {ergonomic}

Logging:
Log output configuration:
 #0: stdout all=warning uptime,level,tags
 #1: stderr all=off uptime,level,tags

Environment Variables:
JAVA_HOME=D:\IJAVA\IntelliJ IDEA 2021.1.3\jbr
PATH=C:\Program Files (x86)\Intel\iCLS Client\;C:\Program Files\Intel\iCLS Client\;C:\windows\system32;C:\windows;C:\windows\System32\Wbem;C:\windows\System32\WindowsPowerShell\v1.0\;C:\windows\System32\OpenSSH\;C:\Users\Zy\AppData\Local\Programs\Python\Python39;C:\ProgramData\chocolatey\bin;C:\Program Files\Git\cmd;D:\Downloads\Tools\phantomjs-2.1.1-windows\bin;C:\Users\Zy\AppData\Local\Pandoc;C:\Program Files\nodejs\;D:\Putty\;C:\Users\Zy\AppData\Local\Microsoft\WindowsApps;D:\Microsoft VS Code\bin;D:\texlive\2020\bin\win32;D:\Clion\CLion 2021.1\bin;;C:\Users\Zy\AppData\Local\Programs\Python\Python39;D:\Mingw\mingw64\bin;D:\Xilinx\Vivado\2016.4\bin;D:\Xilinx\SDK\2016.4\data\embeddedsw\lib\bsp\standalone_v6_0\src;C:\Users\Zy\AppData\Local\Pandoc\;D:\Anaconda\condabin;C:\Users\Zy\AppData\Local\Programs\Python\Python39\Scripts;D:\IJAVA\IntelliJ IDEA 2021.1.3\bin;;C:\Users\Zy\AppData\Roaming\npm;D:\PyCharm 2021.1.3\bin;;D:\Maven\apache-maven-3.6.1\bin;D:\IJAVA\IntelliJ IDEA 2021.1.3\jbrbin;D:\IJAVA\IntelliJ IDEA 2021.1.3\jbr\bin;
USERNAME=Zy
OS=Windows_NT
PROCESSOR_IDENTIFIER=Intel64 Family 6 Model 61 Stepping 4, GenuineIntel



---------------  S Y S T E M  ---------------

OS: Windows 10 , 64 bit Build 19041 (10.0.19041.1023)
OS uptime: 0 days 2:18 hours

CPU:total 4 (initial active 4) (2 cores per cpu, 2 threads per core) family 6 model 61 stepping 4 microcode 0x2f, cmov, cx8, fxsr, mmx, sse, sse2, sse3, ssse3, sse4.1, sse4.2, popcnt, avx, avx2, aes, clmul, erms, 3dnowpref, lzcnt, ht, tsc, tscinvbit, bmi1, bmi2, adx, fma

Memory: 4k page, system-wide physical 8094M (468M free)
TotalPageFile size 10361M (AvailPageFile size 5M)
current process WorkingSet (physical memory assigned to process): 183M, peak: 183M
current process commit charge ("private bytes"): 272M, peak: 272M

vm_info: OpenJDK 64-Bit Server VM (11.0.11+9-b1341.60) for windows-amd64 JRE (11.0.11+9-b1341.60), built on Jun  4 2021 08:17:54 by "" with MS VC++ 14.0 (VS2015)

END.
